Build started 4/4/2015 7:26:52 PM.
     1>Project "C:\Users\rupa\Documents\Visual Studio 2012\Projects\BESU\BESU\BESU.vcxproj" on node 2 (Build target(s)).
     1>ClCompile:
         C:\Program Files (x86)\Microsoft Visual Studio 11.0\VC\bin\CL.exe /c /IC:\Users\rupa\Desktop\opencv\build\include /AI"C:\Program Files (x86)\Reference Assemblies\Microsoft\Framework\.NETFramework\v4.0" /AI"C:\Program Files (x86)\Windows Kits\8.0\References\CommonConfiguration\Neutral" /Zi /clr /nologo /W3 /WX- /Od /Oy- /D WIN32 /D _DEBUG /D _CONSOLE /D _UNICODE /D UNICODE /EHa /MDd /GS /fp:precise /Zc:wchar_t /Zc:forScope /Fo"Debug\\" /Fd"Debug\vc110.pdb" /TP /FU"C:\Program Files (x86)\Reference Assemblies\Microsoft\Framework\.NETFramework\v4.0\mscorlib.dll" /analyze- /errorReport:prompt /clr:nostdlib Source.cpp
         Source.cpp
     1>Source.cpp(88): warning C4996: '_sleep': This function or variable has been superceded by newer library or operating system functionality. Consider using Sleep instead. See online help for details.
                 C:\Program Files (x86)\Microsoft Visual Studio 11.0\VC\include\stdlib.h(881) : see declaration of '_sleep'
     1>Source.cpp(160): warning C4244: 'return' : conversion from 'double' to 'float', possible loss of data
     1>Source.cpp(191): warning C4244: 'argument' : conversion from 'float' to 'int', possible loss of data
     1>Source.cpp(235): warning C4018: '<' : signed/unsigned mismatch
     1>Source.cpp(238): warning C4244: 'argument' : conversion from 'double' to 'float', possible loss of data
     1>Source.cpp(244): warning C4018: '<' : signed/unsigned mismatch
     1>Source.cpp(247): warning C4244: 'argument' : conversion from 'double' to 'float', possible loss of data
     1>Source.cpp(257): warning C4018: '<' : signed/unsigned mismatch
     1>Source.cpp(260): warning C4244: 'argument' : conversion from 'double' to 'float', possible loss of data
     1>Source.cpp(286): warning C4018: '<' : signed/unsigned mismatch
       Link:
         C:\Program Files (x86)\Microsoft Visual Studio 11.0\VC\bin\link.exe /ERRORREPORT:PROMPT /OUT:"C:\Users\rupa\Documents\Visual Studio 2012\Projects\BESU\Debug\BESU.exe" /INCREMENTAL /NOLOGO /LIBPATH:C:\Users\rupa\Desktop\opencv\BuildOut\lib\Debug opencv_calib3d2410d.lib opencv_contrib2410d.lib opencv_core2410d.lib opencv_features2d2410d.lib opencv_flann2410d.lib opencv_gpu2410d.lib opencv_haartraining_engined.lib opencv_highgui2410d.lib opencv_imgproc2410d.lib opencv_legacy2410d.lib opencv_ml2410d.lib opencv_nonfree2410d.lib opencv_objdetect2410d.lib opencv_ocl2410d.lib opencv_photo2410d.lib opencv_stitching2410d.lib opencv_superres2410d.lib opencv_ts2410d.lib opencv_video2410d.lib opencv_videostab2410d.lib kernel32.lib user32.lib gdi32.lib winspool.lib comdlg32.lib advapi32.lib shell32.lib ole32.lib oleaut32.lib uuid.lib odbc32.lib odbccp32.lib /MANIFEST /MANIFESTUAC:"level='asInvoker' uiAccess='false'" /manifest:embed /DEBUG /PDB:"C:\Users\rupa\Documents\Visual Studio 2012\Projects\BESU\Debug\BESU.pdb" /ASSEMBLYDEBUG /SUBSYSTEM:CONSOLE /TLBID:1 /DYNAMICBASE /FIXED:NO /NXCOMPAT /MACHINE:X86 Debug\Source.obj
         "Debug\.NETFramework,Version=v4.0.AssemblyAttributes.obj"
         BESU.vcxproj -> C:\Users\rupa\Documents\Visual Studio 2012\Projects\BESU\Debug\BESU.exe
     1>Done Building Project "C:\Users\rupa\Documents\Visual Studio 2012\Projects\BESU\BESU\BESU.vcxproj" (Build target(s)).

Build succeeded.

Time Elapsed 00:00:02.92
